<?xml version="1.0" encoding="UTF-8"?>
<!-- Generated by org.testng.reporters.JUnitXMLReporter -->
<testsuite ignored="1" hostname="Vikku" failures="0" tests="1" name="Default test" time="11.136" errors="0" timestamp="2024-04-15T00:56:50 IST">
  <testcase classname="TestCases.TC_IndexPage" name="verifyLogin" time="1.58"/>
  <testcase classname="TestCases.TC_IndexPage" name="verifyRegistration" time="0.0">
    <ignored/>
  </testcase> <!-- verifyRegistration -->
</testsuite> <!-- Default test -->
