<?xml version="1.0" encoding="UTF-8"?>
<!-- Generated by org.testng.reporters.JUnitXMLReporter -->
<testsuite ignored="0" hostname="Vikku" failures="1" tests="2" name="Test" time="12.724" errors="0" timestamp="2024-02-10T16:16:40 IST">
  <testcase classname="TestCases.TC_IndexPage" name="verifyLogin" time="2.697"/>
  <testcase classname="TestCases.TC_IndexPage" name="verifyRegistration" time="3.792">
    <failure type="java.lang.AssertionError" message="expected [true] but found [false]">
      <![CDATA[java.lang.AssertionError: expected [true] but found [false]
at TestCases.TC_IndexPage.verifyRegistration(TC_IndexPage.java:49)
at java.base/java.util.ArrayList.forEach(ArrayList.java:1511)
... Removed 29 stack frames]]>
    </failure>
  </testcase> <!-- verifyRegistration -->
</testsuite> <!-- Test -->
