<?xml version="1.0" encoding="UTF-8"?>
<!-- Generated by org.testng.reporters.JUnitXMLReporter -->
<testsuite ignored="0" hostname="Vikku" failures="1" tests="2" name="Test" time="6.401" errors="0" timestamp="2024-02-25T01:12:47 IST">
  <testcase classname="TestCases.TC_IndexPage" name="verifyLogin" time="1.582"/>
  <testcase classname="TestCases.TC_IndexPage" name="verifyRegistration" time="1.751">
    <failure type="java.lang.AssertionError" message="expected [true] but found [false]">
      <![CDATA[java.lang.AssertionError: expected [true] but found [false]
at TestCases.TC_IndexPage.verifyRegistration(TC_IndexPage.java:48)
at java.base/java.util.ArrayList.forEach(ArrayList.java:1596)
... Removed 33 stack frames]]>
    </failure>
  </testcase> <!-- verifyRegistration -->
</testsuite> <!-- Test -->
