<?xml version="1.0" encoding="UTF-8"?>
<testng-results ignored="0" total="2" passed="2" failed="0" skipped="0">
  <reporter-output>
  </reporter-output>
  <suite started-at="2024-02-11T14:21:49 IST" name="Suite" finished-at="2024-02-11T14:21:57 IST" duration-ms="7775">
    <groups>
    </groups>
    <test started-at="2024-02-11T14:21:49 IST" name="Test" finished-at="2024-02-11T14:21:57 IST" duration-ms="7775">
      <class name="TestCases.TC_IndexPage">
        <test-method is-config="true" signature="setup()[pri:0, instance:TestCases.TC_IndexPage@74fe5c40]" started-at="2024-02-11T14:21:49 IST" name="setup" finished-at="2024-02-11T14:21:52 IST" duration-ms="3549" status="PASS">
          <reporter-output>
          </reporter-output>
        </test-method> <!-- setup -->
        <test-method signature="verifyLogin()[pri:0, instance:TestCases.TC_IndexPage@74fe5c40]" started-at="2024-02-11T14:21:52 IST" name="verifyLogin" finished-at="2024-02-11T14:21:55 IST" duration-ms="2395" status="PASS">
          <reporter-output>
          </reporter-output>
        </test-method> <!-- verifyLogin -->
        <test-method signature="verifyRegistration()[pri:0, instance:TestCases.TC_IndexPage@74fe5c40]" started-at="2024-02-11T14:21:55 IST" name="verifyRegistration" finished-at="2024-02-11T14:21:56 IST" duration-ms="1505" status="PASS">
          <reporter-output>
          </reporter-output>
        </test-method> <!-- verifyRegistration -->
        <test-method is-config="true" signature="tearDown()[pri:0, instance:TestCases.TC_IndexPage@74fe5c40]" started-at="2024-02-11T14:21:56 IST" name="tearDown" finished-at="2024-02-11T14:21:57 IST" duration-ms="154" status="PASS">
          <reporter-output>
          </reporter-output>
        </test-method> <!-- tearDown -->
      </class> <!-- TestCases.TC_IndexPage -->
    </test> <!-- Test -->
  </suite> <!-- Suite -->
</testng-results>
