<?xml version="1.0" encoding="UTF-8"?>
<testng-results ignored="0" total="2" passed="2" failed="0" skipped="0">
  <reporter-output>
  </reporter-output>
  <suite started-at="2024-02-11T17:52:34 IST" name="Suite" finished-at="2024-02-11T17:52:41 IST" duration-ms="7223">
    <groups>
    </groups>
    <test started-at="2024-02-11T17:52:34 IST" name="Test" finished-at="2024-02-11T17:52:41 IST" duration-ms="7223">
      <class name="TestCases.TC_IndexPage">
        <test-method is-config="true" signature="setup()[pri:0, instance:TestCases.TC_IndexPage@74fe5c40]" started-at="2024-02-11T17:52:34 IST" name="setup" finished-at="2024-02-11T17:52:38 IST" duration-ms="3247" status="PASS">
          <reporter-output>
          </reporter-output>
        </test-method> <!-- setup -->
        <test-method signature="verifyLogin()[pri:0, instance:TestCases.TC_IndexPage@74fe5c40]" started-at="2024-02-11T17:52:38 IST" name="verifyLogin" finished-at="2024-02-11T17:52:40 IST" duration-ms="2196" status="PASS">
          <reporter-output>
          </reporter-output>
        </test-method> <!-- verifyLogin -->
        <test-method signature="verifyRegistration()[pri:0, instance:TestCases.TC_IndexPage@74fe5c40]" started-at="2024-02-11T17:52:40 IST" name="verifyRegistration" finished-at="2024-02-11T17:52:41 IST" duration-ms="1518" status="PASS">
          <reporter-output>
          </reporter-output>
        </test-method> <!-- verifyRegistration -->
        <test-method is-config="true" signature="tearDown()[pri:0, instance:TestCases.TC_IndexPage@74fe5c40]" started-at="2024-02-11T17:52:41 IST" name="tearDown" finished-at="2024-02-11T17:52:41 IST" duration-ms="97" status="PASS">
          <reporter-output>
          </reporter-output>
        </test-method> <!-- tearDown -->
      </class> <!-- TestCases.TC_IndexPage -->
    </test> <!-- Test -->
  </suite> <!-- Suite -->
</testng-results>
